<?xml version="1.0" encoding="UTF-8"?>
<!-- Generated by org.testng.reporters.JUnitReportReporter -->
<testsuite hostname="USER-20160901OB" name="com.jx.sales.testNG.JedisTest" tests="1" failures="0" timestamp="17 Sep 2016 11:27:01 GMT" time="0.087" errors="0">
  <testcase name="testgetJids" time="0.087" classname="com.jx.sales.testNG.JedisTest"/>
</testsuite> <!-- com.jx.sales.testNG.JedisTest -->
