<?xml version="1.0" encoding="UTF-8"?>
<!-- Generated by org.testng.reporters.JUnitReportReporter -->
<testsuite hostname="USER-20160901OB" name="com.jx.sales.testNG.CustTest" tests="2" failures="0" timestamp="15 Sep 2016 23:49:32 GMT" time="0.495" errors="0">
  <testcase name="testFindCust" time="0.236" classname="com.jx.sales.testNG.CustTest"/>
  <testcase name="testSaveCust" time="0.259" classname="com.jx.sales.testNG.CustTest"/>
</testsuite> <!-- com.jx.sales.testNG.CustTest -->
