<?xml version="1.0" encoding="UTF-8"?>
<!-- Generated by org.testng.reporters.JUnitReportReporter -->
<testsuite hostname="shcyf20t" name="com.jx.sales.testNG.WebServiceTest" tests="1" failures="0" timestamp="21 Sep 2016 00:29:54 GMT" time="0.988" errors="0">
  <testcase name="testFindDictByCodeAndType" time="0.988" classname="com.jx.sales.testNG.WebServiceTest"/>
</testsuite> <!-- com.jx.sales.testNG.WebServiceTest -->
