<?xml version="1.0" encoding="UTF-8"?>
<!-- Generated by org.testng.reporters.JUnitReportReporter -->
<testsuite hostname="USER-20160901OB" name="com.jx.sales.testNG.WebServiceTest" tests="1" failures="0" timestamp="20 Sep 2016 14:27:03 GMT" time="1.878" errors="0">
  <testcase name="testWebService" time="1.878" classname="com.jx.sales.testNG.WebServiceTest"/>
</testsuite> <!-- com.jx.sales.testNG.WebServiceTest -->
