<?xml version="1.0" encoding="UTF-8"?>
<!-- Generated by org.testng.reporters.JUnitReportReporter -->
<testsuite hostname="shcyf20t" name="com.centaline.testNG.MenuTest" tests="1" failures="0" timestamp="2 Sep 2016 01:40:21 GMT" time="0.004" errors="0">
  <testcase name="mytest2" time="0.004" classname="com.centaline.testNG.MenuTest"/>
</testsuite> <!-- com.centaline.testNG.MenuTest -->
